2024-07-07 14:31:31.463 [info] Log level: Info
2024-07-07 14:31:31.463 [info] Validating found git in: "git"
2024-07-07 14:31:31.463 [info] Using git "2.45.2" from "git"
2024-07-07 14:31:31.463 [info] > git rev-parse --show-toplevel [2ms]
2024-07-07 14:31:31.463 [info] > git rev-parse --git-dir --git-common-dir [24ms]
2024-07-07 14:31:31.463 [info] Open repository: /workspace/solidity_starter
2024-07-07 14:31:31.463 [info] > git config --get commit.template [5ms]
2024-07-07 14:31:31.463 [info] > git rev-parse --show-toplevel [2ms]
2024-07-07 14:31:31.463 [info] > git for-each-ref --format=%(refname)%00%(upstream:short)%00%(objectname)%00%(upstream:track)%00%(upstream:remotename)%00%(upstream:remoteref) refs/heads/main refs/remotes/main [5ms]
2024-07-07 14:31:31.463 [info] > git rev-parse --show-toplevel [2ms]
2024-07-07 14:31:31.463 [info] > git rev-parse --show-toplevel [6ms]
2024-07-07 14:31:31.463 [info] > git status -z -uall [6ms]
2024-07-07 14:31:31.463 [info] > git merge-base refs/heads/main refs/remotes/old-origin/main [7ms]
2024-07-07 14:31:31.463 [info] > git rev-parse --show-toplevel [17ms]
2024-07-07 14:31:31.463 [info] > git config --get commit.template [10ms]
2024-07-07 14:31:31.463 [info] > git rev-list --count --left-right refs/heads/main...refs/remotes/old-origin/main [6ms]
2024-07-07 14:31:31.463 [info] > git rev-parse --show-toplevel [12ms]
2024-07-07 14:31:31.463 [info] > git diff --name-status -z --diff-filter=ADMR 95cbab214115772e3c855a76dc53fcaf6ca15eba...refs/remotes/old-origin/main [6ms]
2024-07-07 14:31:31.463 [info] > git for-each-ref --format=%(refname)%00%(upstream:short)%00%(objectname)%00%(upstream:track)%00%(upstream:remotename)%00%(upstream:remoteref) refs/heads/main refs/remotes/main [2ms]
2024-07-07 14:31:31.463 [info] > git status -z -uall [2ms]
2024-07-07 14:31:32.003 [info] > git check-ignore -v -z --stdin [2ms]
2024-07-07 14:31:32.558 [info] > git show --textconv :migrations/2_deploy_contracts.js [5ms]
2024-07-07 14:31:32.560 [info] > git ls-files --stage -- /workspace/solidity_starter/migrations/2_deploy_contracts.js [1ms]
2024-07-07 14:31:32.566 [info] > git cat-file -s b53b71733c3c634a2053f360de7df9ae443c6390 [2ms]
2024-07-07 14:31:33.942 [info] > git config --local branch.main.github-pr-owner-number [117ms]
2024-07-07 14:31:33.942 [warning] git config failed: Failed to execute git
2024-07-07 14:31:41.672 [info] > git check-ignore -v -z --stdin [2ms]
2024-07-07 14:36:33.309 [info] > git config --local branch.main.github-pr-owner-number [1ms]
2024-07-07 14:36:33.310 [warning] git config failed: Failed to execute git
2024-07-07 14:39:59.496 [info] > git config --local branch.main.github-pr-owner-number [118ms]
2024-07-07 14:39:59.497 [warning] git config failed: Failed to execute git
2024-07-07 14:41:31.215 [info] > git log --format=%H%n%aN%n%aE%n%at%n%ct%n%P%n%D%n%B -z -n854 --follow -- /workspace/solidity_starter/migrations/2_deploy_contracts.js [3ms]
2024-07-07 14:41:33.317 [info] > git config --local branch.main.github-pr-owner-number [2ms]
2024-07-07 14:41:33.317 [warning] git config failed: Failed to execute git
2024-07-07 14:41:36.027 [info] > git show --textconv 3975642f74fa5710a3fb5a674688800776d4f7c2^:migrations/2_deploy_contracts.js [17ms]
2024-07-07 14:41:36.027 [info] > git show --textconv 3975642f74fa5710a3fb5a674688800776d4f7c2:migrations/2_deploy_contracts.js [11ms]
2024-07-07 14:41:36.027 [info] > git ls-tree -l 3975642f74fa5710a3fb5a674688800776d4f7c2^ -- /workspace/solidity_starter/migrations/2_deploy_contracts.js [6ms]
2024-07-07 14:41:36.028 [info] > git ls-tree -l 3975642f74fa5710a3fb5a674688800776d4f7c2 -- /workspace/solidity_starter/migrations/2_deploy_contracts.js [3ms]
2024-07-07 14:41:36.217 [info] > git log --format=%H%n%aN%n%aE%n%at%n%ct%n%P%n%D%n%B -z -n854 --follow -- /workspace/solidity_starter/migrations/2_deploy_contracts.js [3ms]
2024-07-07 14:41:36.536 [info] > git check-ignore -v -z --stdin [2ms]
2024-07-07 14:41:42.111 [info] > git ls-tree -l 3975642f74fa5710a3fb5a674688800776d4f7c2^ -- /workspace/solidity_starter/migrations/2_deploy_contracts.js [6ms]
2024-07-07 14:41:42.113 [info] > git ls-tree -l 3975642f74fa5710a3fb5a674688800776d4f7c2 -- /workspace/solidity_starter/migrations/2_deploy_contracts.js [3ms]
2024-07-07 14:42:16.937 [info] > git ls-tree -l 3975642f74fa5710a3fb5a674688800776d4f7c2^ -- /workspace/solidity_starter/migrations/2_deploy_contracts.js [5ms]
2024-07-07 14:42:16.938 [info] > git ls-tree -l 3975642f74fa5710a3fb5a674688800776d4f7c2 -- /workspace/solidity_starter/migrations/2_deploy_contracts.js [2ms]
2024-07-07 14:42:52.534 [info] > git ls-tree -l 3975642f74fa5710a3fb5a674688800776d4f7c2^ -- /workspace/solidity_starter/migrations/2_deploy_contracts.js [6ms]
2024-07-07 14:42:52.536 [info] > git ls-tree -l 3975642f74fa5710a3fb5a674688800776d4f7c2 -- /workspace/solidity_starter/migrations/2_deploy_contracts.js [3ms]
2024-07-07 14:43:06.153 [info] > git ls-tree -l 3975642f74fa5710a3fb5a674688800776d4f7c2^ -- /workspace/solidity_starter/migrations/2_deploy_contracts.js [7ms]
2024-07-07 14:43:06.154 [info] > git ls-tree -l 3975642f74fa5710a3fb5a674688800776d4f7c2 -- /workspace/solidity_starter/migrations/2_deploy_contracts.js [3ms]
2024-07-07 14:43:23.215 [info] > git check-ignore -v -z --stdin [2ms]
2024-07-07 14:43:23.888 [info] > git show --textconv :migrations/2_deploy_contracts.js [5ms]
2024-07-07 14:43:23.889 [info] > git ls-files --stage -- /workspace/solidity_starter/migrations/2_deploy_contracts.js [2ms]
2024-07-07 14:43:23.895 [info] > git cat-file -s b53b71733c3c634a2053f360de7df9ae443c6390 [2ms]
