2024-07-07 14:31:30.629 [info] Log level: Info
2024-07-07 14:31:30.641 [info] VSCODE_MACHINE_ID: 31f57441-9bae-4667-876f-b8f6e7eb7678
2024-07-07 14:31:30.641 [info] VSCODE_SESSION_ID: cd7e4f0c-db2f-48af-8be3-31df57ffdd881720362663618
2024-07-07 14:31:30.641 [info] VSCODE_VERSION: 1.90.2
2024-07-07 14:31:30.641 [info] VSCODE_APP_NAME: Gitpod Code
2024-07-07 14:31:30.641 [info] VSCODE_APP_HOST: Gitpod
2024-07-07 14:31:30.641 [info] VSCODE_UI_KIND: web
2024-07-07 14:31:30.641 [info] GITPOD_WORKSPACE_CONTEXT_URL: https://github.com/jeffryan-POL/solidity_starter
2024-07-07 14:31:30.641 [info] GITPOD_INSTANCE_ID: b5e85d63-c31d-4368-9e1b-dfcb22821056
2024-07-07 14:31:30.641 [info] GITPOD_WORKSPACE_URL: https://jeffryanpol-soliditysta-6fgnboewdv4.ws-us115.gitpod.io
2024-07-07 14:31:30.649 [info] Gitpod Web 7ff72a2
2024-07-07 14:31:30.649 [info] Reading sessions from keychain...
2024-07-07 14:31:30.884 [info] Getting sessions for all scopes...
2024-07-07 14:31:30.884 [info] Getting GitHub sessions for all scopes...
2024-07-07 14:31:30.884 [info] Getting sessions for function:accessCodeSyncStorage...
2024-07-07 14:31:30.885 [info] Got stored sessions!
2024-07-07 14:31:30.886 [info] Verified session with the following scopes: function:accessCodeSyncStorage function:closePort function:controlAdmission function:deleteEnvVar function:generateNewGitpodToken function:getDefaultWorkspaceImage function:getEnvVars function:getGitpodTokenScopes function:getIDToken function:getLoggedInUser function:getOpenPorts function:getSupportedWorkspaceClasses function:getTeams function:getToken function:getWorkspace function:getWorkspaceEnvVars function:getWorkspaceOwner function:getWorkspaceTimeout function:getWorkspaceUsers function:guessGitTokenScopes function:isWorkspaceOwner function:openPort function:sendHeartBeat function:setEnvVar function:setWorkspaceTimeout function:stopWorkspace function:takeSnapshot function:trackEvent function:updateGitStatus function:waitForSnapshot resource:contentBlob::*::create/get resource:envVar::jeffryan-POL/solidity_starter::create/get/update/delete resource:gitpodToken::*::create resource:snapshot::ws-jeffryanpol-soliditysta-6fgnboewdv4::create resource:token::*::get resource:userStorage::*::create/get/update resource:workspace::jeffryanpol-soliditysta-6fgnboewdv4::get/update resource:workspaceInstance::b5e85d63-c31d-4368-9e1b-dfcb22821056::get/update/delete
2024-07-07 14:31:30.886 [info] Got 1 verified sessions.
2024-07-07 14:31:30.886 [info] Got 1 sessions for all scopes...
2024-07-07 14:31:30.886 [info] Got 1 sessions for function:accessCodeSyncStorage...
2024-07-07 14:31:31.088 [info] Got 1 GitHub sessions for all scopes...
2024-07-07 14:31:31.277 [info] Getting sessions for all scopes...
2024-07-07 14:31:31.277 [info] Got 1 sessions for all scopes...
2024-07-07 14:31:31.307 [info] Getting GitHub sessions for all scopes...
2024-07-07 14:31:31.307 [info] Got 1 GitHub sessions for all scopes...
2024-07-07 14:31:31.803 [info] Getting GitHub sessions for read:user,repo,user:email,workflow...
2024-07-07 14:31:31.803 [info] Got 1 GitHub sessions for read:user,repo,user:email,workflow...
2024-07-07 14:31:32.286 [info] Getting GitHub sessions for project,read:org,read:user,repo,user:email,workflow...
2024-07-07 14:31:32.286 [info] Got 0 GitHub sessions for project,read:org,read:user,repo,user:email,workflow...
2024-07-07 14:31:32.492 [info] Getting GitHub sessions for read:user,repo,user:email,workflow...
2024-07-07 14:31:32.492 [info] Got 1 GitHub sessions for read:user,repo,user:email,workflow...
2024-07-07 14:31:32.772 [info] Getting GitHub sessions for read:user,repo,user:email,workflow...
2024-07-07 14:31:32.772 [info] Got 1 GitHub sessions for read:user,repo,user:email,workflow...
2024-07-07 14:39:57.815 [info] Getting GitHub sessions for read:user,repo,user:email,workflow...
2024-07-07 14:39:57.815 [info] Getting GitHub sessions for project,read:org,read:user,repo,user:email,workflow...
2024-07-07 14:39:57.815 [info] Got 1 GitHub sessions for read:user,repo,user:email,workflow...
2024-07-07 14:39:57.815 [info] Got 0 GitHub sessions for project,read:org,read:user,repo,user:email,workflow...
2024-07-07 14:39:58.308 [info] Getting GitHub sessions for read:user,repo,user:email,workflow...
2024-07-07 14:39:58.308 [info] Got 1 GitHub sessions for read:user,repo,user:email,workflow...
2024-07-07 14:39:58.469 [info] Getting GitHub sessions for read:user,repo,user:email,workflow...
2024-07-07 14:39:58.469 [info] Got 1 GitHub sessions for read:user,repo,user:email,workflow...
