2024-07-07 14:31:23.740 [info] Extension host with pid 5102 started
2024-07-07 14:31:23.745 [info] Lock '/workspace/.vscode-remote/data/User/workspaceStorage/-6cc4d018/vscode.lock': Lock acquired.
2024-07-07 14:31:23.924 [info] ExtensionService#_doActivateExtension vscode.typescript-language-features, startup: false, activationEvent: 'onLanguage:javascript'
2024-07-07 14:31:23.925 [info] ExtensionService#_doActivateExtension vscode.emmet, startup: false, activationEvent: 'onLanguage'
2024-07-07 14:31:23.925 [info] ExtensionService#_doActivateExtension gitpod.gitpod-web, startup: false, activationEvent: 'onAuthenticationRequest:gitpod'
2024-07-07 14:31:24.583 [info] ExtensionService#_doActivateExtension vscode.git-base, startup: true, activationEvent: '*', root cause: vscode.git
2024-07-07 14:31:24.789 [info] ExtensionService#_doActivateExtension vscode.git, startup: true, activationEvent: '*'
2024-07-07 14:31:24.789 [info] ExtensionService#_doActivateExtension vscode.github, startup: true, activationEvent: '*'
2024-07-07 14:31:25.308 [info] Eager extensions activated
2024-07-07 14:31:25.308 [info] ExtensionService#_doActivateExtension vscode.debug-auto-launch, startup: false, activationEvent: 'onStartupFinished'
2024-07-07 14:31:25.309 [info] ExtensionService#_doActivateExtension vscode.merge-conflict, startup: false, activationEvent: 'onStartupFinished'
2024-07-07 14:31:25.309 [info] ExtensionService#_doActivateExtension vscode.github-authentication, startup: false, activationEvent: 'onStartupFinished', root cause: GitHub.vscode-pull-request-github
2024-07-07 14:31:25.499 [info] ExtensionService#_doActivateExtension GitHub.vscode-pull-request-github, startup: false, activationEvent: 'onStartupFinished'
2024-07-07 14:31:25.961 [info] Extension host terminating: received terminate message from renderer
2024-07-07 14:31:25.962 [info] Lock '/workspace/.vscode-remote/data/User/workspaceStorage/-6cc4d018/vscode.lock': Marking the lockfile as scheduled to be released in 6000 ms.
2024-07-07 14:31:25.977 [error] Canceled: Canceled
	at new A (/ide/out/vs/workbench/api/node/extensionHostProcess.js:143:50615)
	at E.U (/ide/out/vs/workbench/api/node/extensionHostProcess.js:150:6007)
	at z.<computed>.M.charCodeAt.R.CharCode.DollarSign.z.<computed> (/ide/out/vs/workbench/api/node/extensionHostProcess.js:150:3091)
	at h.g (/ide/out/vs/workbench/api/node/extensionHostProcess.js:153:199937)
	at h.executeCommand (/ide/out/vs/workbench/api/node/extensionHostProcess.js:153:199375)
	at I.registerCommand.description (/ide/out/vs/workbench/api/node/extensionHostProcess.js:153:198699)
	at h (/ide/out/vs/workbench/api/node/extensionHostProcess.js:153:200476)
	at h.g (/ide/out/vs/workbench/api/node/extensionHostProcess.js:153:199468)
	at h.executeCommand (/ide/out/vs/workbench/api/node/extensionHostProcess.js:153:199375)
	at Object.executeCommand (/ide/out/vs/workbench/api/node/extensionHostProcess.js:163:22742)
	at n.O [as value] (/ide/extensions/git/dist/main.js:2:945191)
	at l.y (/ide/out/vs/workbench/api/node/extensionHostProcess.js:82:664)
	at l.z (/ide/out/vs/workbench/api/node/extensionHostProcess.js:82:734)
	at l.fire (/ide/out/vs/workbench/api/node/extensionHostProcess.js:82:950)
	at Object.p [as dispose] (/ide/extensions/git/dist/main.js:2:964275)
	at /ide/extensions/git/dist/main.js:2:970313
	at Array.forEach (<anonymous>)
	at f.dispose (/ide/extensions/git/dist/main.js:2:970299)
	at a.<anonymous> (/ide/out/vs/workbench/api/node/extensionHostProcess.js:151:4032)
	at a.dispose (/ide/out/vs/workbench/api/node/extensionHostProcess.js:151:4129)
	at a.<anonymous> (/ide/extensions/git/dist/main.js:2:947448)
	at a.dispose (/ide/out/vs/workbench/api/node/extensionHostProcess.js:151:4129)
	at f (/ide/out/vs/workbench/api/node/extensionHostProcess.js:30:744)
	at u.eb (/ide/out/vs/workbench/api/node/extensionHostProcess.js:159:9991)
	at /ide/out/vs/workbench/api/node/extensionHostProcess.js:159:7867
	at Array.map (<anonymous>)
	at u.$ (/ide/out/vs/workbench/api/node/extensionHostProcess.js:159:7854)
	at u.terminate (/ide/out/vs/workbench/api/node/extensionHostProcess.js:159:8127)
	at f.terminate (/ide/out/vs/workbench/api/node/extensionHostProcess.js:163:1513)
	at t (/ide/out/vs/workbench/api/node/extensionHostProcess.js:176:10459)
	at n.value (/ide/out/vs/workbench/api/node/extensionHostProcess.js:176:8427)
	at l.y (/ide/out/vs/workbench/api/node/extensionHostProcess.js:82:664)
	at l.fire (/ide/out/vs/workbench/api/node/extensionHostProcess.js:82:881)
	at s.fire (/ide/out/vs/workbench/api/node/extensionHostProcess.js:107:14502)
	at h.z (/ide/out/vs/workbench/api/node/extensionHostProcess.js:107:17638)
	at n.value (/ide/out/vs/workbench/api/node/extensionHostProcess.js:107:16019)
	at l.y (/ide/out/vs/workbench/api/node/extensionHostProcess.js:82:664)
	at l.fire (/ide/out/vs/workbench/api/node/extensionHostProcess.js:82:881)
	at u.acceptChunk (/ide/out/vs/workbench/api/node/extensionHostProcess.js:107:12248)
	at n.value (/ide/out/vs/workbench/api/node/extensionHostProcess.js:107:11518)
	at l.y (/ide/out/vs/workbench/api/node/extensionHostProcess.js:82:664)
	at l.fire (/ide/out/vs/workbench/api/node/extensionHostProcess.js:82:881)
	at n.z (/ide/out/vs/workbench/api/node/extensionHostProcess.js:173:20477) setContext undefined
2024-07-07 14:31:25.978 [error] Canceled: Canceled
	at new A (/ide/out/vs/workbench/api/node/extensionHostProcess.js:143:50615)
	at E.U (/ide/out/vs/workbench/api/node/extensionHostProcess.js:150:6007)
	at z.<computed>.M.charCodeAt.R.CharCode.DollarSign.z.<computed> (/ide/out/vs/workbench/api/node/extensionHostProcess.js:150:3091)
	at h.g (/ide/out/vs/workbench/api/node/extensionHostProcess.js:153:199937)
	at h.executeCommand (/ide/out/vs/workbench/api/node/extensionHostProcess.js:153:199375)
	at I.registerCommand.description (/ide/out/vs/workbench/api/node/extensionHostProcess.js:153:198699)
	at h (/ide/out/vs/workbench/api/node/extensionHostProcess.js:153:200476)
	at h.g (/ide/out/vs/workbench/api/node/extensionHostProcess.js:153:199468)
	at h.executeCommand (/ide/out/vs/workbench/api/node/extensionHostProcess.js:153:199375)
	at Object.executeCommand (/ide/out/vs/workbench/api/node/extensionHostProcess.js:163:22742)
	at set hasGitHubRepositories [as hasGitHubRepositories] (/ide/extensions/github/dist/extension.js:2:322969)
	at /ide/extensions/github/dist/extension.js:2:323928
	at n.value (/ide/extensions/git/dist/main.js:2:1050764)
	at l.y (/ide/out/vs/workbench/api/node/extensionHostProcess.js:82:664)
	at l.z (/ide/out/vs/workbench/api/node/extensionHostProcess.js:82:734)
	at l.fire (/ide/out/vs/workbench/api/node/extensionHostProcess.js:82:950)
	at Object.p [as dispose] (/ide/extensions/git/dist/main.js:2:964275)
	at /ide/extensions/git/dist/main.js:2:970313
	at Array.forEach (<anonymous>)
	at f.dispose (/ide/extensions/git/dist/main.js:2:970299)
	at a.<anonymous> (/ide/out/vs/workbench/api/node/extensionHostProcess.js:151:4032)
	at a.dispose (/ide/out/vs/workbench/api/node/extensionHostProcess.js:151:4129)
	at a.<anonymous> (/ide/extensions/git/dist/main.js:2:947448)
	at a.dispose (/ide/out/vs/workbench/api/node/extensionHostProcess.js:151:4129)
	at f (/ide/out/vs/workbench/api/node/extensionHostProcess.js:30:744)
	at u.eb (/ide/out/vs/workbench/api/node/extensionHostProcess.js:159:9991)
	at /ide/out/vs/workbench/api/node/extensionHostProcess.js:159:7867
	at Array.map (<anonymous>)
	at u.$ (/ide/out/vs/workbench/api/node/extensionHostProcess.js:159:7854)
	at u.terminate (/ide/out/vs/workbench/api/node/extensionHostProcess.js:159:8127)
	at f.terminate (/ide/out/vs/workbench/api/node/extensionHostProcess.js:163:1513)
	at t (/ide/out/vs/workbench/api/node/extensionHostProcess.js:176:10459)
	at n.value (/ide/out/vs/workbench/api/node/extensionHostProcess.js:176:8427)
	at l.y (/ide/out/vs/workbench/api/node/extensionHostProcess.js:82:664)
	at l.fire (/ide/out/vs/workbench/api/node/extensionHostProcess.js:82:881)
	at s.fire (/ide/out/vs/workbench/api/node/extensionHostProcess.js:107:14502)
	at h.z (/ide/out/vs/workbench/api/node/extensionHostProcess.js:107:17638)
	at n.value (/ide/out/vs/workbench/api/node/extensionHostProcess.js:107:16019)
	at l.y (/ide/out/vs/workbench/api/node/extensionHostProcess.js:82:664)
	at l.fire (/ide/out/vs/workbench/api/node/extensionHostProcess.js:82:881)
	at u.acceptChunk (/ide/out/vs/workbench/api/node/extensionHostProcess.js:107:12248)
	at n.value (/ide/out/vs/workbench/api/node/extensionHostProcess.js:107:11518)
	at l.y (/ide/out/vs/workbench/api/node/extensionHostProcess.js:82:664)
	at l.fire (/ide/out/vs/workbench/api/node/extensionHostProcess.js:82:881)
	at n.z (/ide/out/vs/workbench/api/node/extensionHostProcess.js:173:20477) setContext undefined
2024-07-07 14:31:25.980 [info] Extension host with pid 5102 exiting with code 0
