2024-07-07 14:31:24.563 [info] Log level: Info
2024-07-07 14:31:24.574 [info] VSCODE_MACHINE_ID: 31f57441-9bae-4667-876f-b8f6e7eb7678
2024-07-07 14:31:24.574 [info] VSCODE_SESSION_ID: cd306c37-a650-4df2-aa30-1813633c8e881720362657552
2024-07-07 14:31:24.574 [info] VSCODE_VERSION: 1.90.2
2024-07-07 14:31:24.574 [info] VSCODE_APP_NAME: Gitpod Code
2024-07-07 14:31:24.574 [info] VSCODE_APP_HOST: Gitpod
2024-07-07 14:31:24.574 [info] VSCODE_UI_KIND: web
2024-07-07 14:31:24.574 [info] GITPOD_WORKSPACE_CONTEXT_URL: https://github.com/jeffryan-POL/solidity_starter
2024-07-07 14:31:24.574 [info] GITPOD_INSTANCE_ID: b5e85d63-c31d-4368-9e1b-dfcb22821056
2024-07-07 14:31:24.574 [info] GITPOD_WORKSPACE_URL: https://jeffryanpol-soliditysta-6fgnboewdv4.ws-us115.gitpod.io
2024-07-07 14:31:24.581 [info] Gitpod Web 7ff72a2
2024-07-07 14:31:24.581 [info] Reading sessions from keychain...
2024-07-07 14:31:24.786 [info] Getting sessions for all scopes...
2024-07-07 14:31:24.786 [info] Getting GitHub sessions for all scopes...
2024-07-07 14:31:24.786 [info] Getting sessions for function:accessCodeSyncStorage...
2024-07-07 14:31:24.788 [info] Got stored sessions!
2024-07-07 14:31:24.788 [info] Verified session with the following scopes: function:accessCodeSyncStorage function:closePort function:controlAdmission function:deleteEnvVar function:generateNewGitpodToken function:getDefaultWorkspaceImage function:getEnvVars function:getGitpodTokenScopes function:getIDToken function:getLoggedInUser function:getOpenPorts function:getSupportedWorkspaceClasses function:getTeams function:getToken function:getWorkspace function:getWorkspaceEnvVars function:getWorkspaceOwner function:getWorkspaceTimeout function:getWorkspaceUsers function:guessGitTokenScopes function:isWorkspaceOwner function:openPort function:sendHeartBeat function:setEnvVar function:setWorkspaceTimeout function:stopWorkspace function:takeSnapshot function:trackEvent function:updateGitStatus function:waitForSnapshot resource:contentBlob::*::create/get resource:envVar::jeffryan-POL/solidity_starter::create/get/update/delete resource:gitpodToken::*::create resource:snapshot::ws-jeffryanpol-soliditysta-6fgnboewdv4::create resource:token::*::get resource:userStorage::*::create/get/update resource:workspace::jeffryanpol-soliditysta-6fgnboewdv4::get/update resource:workspaceInstance::b5e85d63-c31d-4368-9e1b-dfcb22821056::get/update/delete
2024-07-07 14:31:24.788 [info] Got 1 verified sessions.
2024-07-07 14:31:24.788 [info] Got 1 sessions for all scopes...
2024-07-07 14:31:24.788 [info] Got 1 sessions for function:accessCodeSyncStorage...
2024-07-07 14:31:25.004 [info] Got 1 GitHub sessions for all scopes...
2024-07-07 14:31:25.180 [info] Getting sessions for all scopes...
2024-07-07 14:31:25.180 [info] Got 1 sessions for all scopes...
2024-07-07 14:31:25.214 [info] Getting GitHub sessions for all scopes...
2024-07-07 14:31:25.214 [info] Got 1 GitHub sessions for all scopes...
2024-07-07 14:31:25.754 [info] Getting GitHub sessions for read:user,repo,user:email,workflow...
2024-07-07 14:31:25.754 [info] Got 1 GitHub sessions for read:user,repo,user:email,workflow...
