2024-07-07 14:05:31.580 [info] Log level: Info
2024-07-07 14:05:31.597 [info] VSCODE_MACHINE_ID: 31f57441-9bae-4667-876f-b8f6e7eb7678
2024-07-07 14:05:31.597 [info] VSCODE_SESSION_ID: 5c213d53-bfd1-44ce-b6cc-9e9ca1897c4f1720361104208
2024-07-07 14:05:31.597 [info] VSCODE_VERSION: 1.90.2
2024-07-07 14:05:31.597 [info] VSCODE_APP_NAME: Gitpod Code
2024-07-07 14:05:31.597 [info] VSCODE_APP_HOST: Gitpod
2024-07-07 14:05:31.597 [info] VSCODE_UI_KIND: web
2024-07-07 14:05:31.597 [info] GITPOD_WORKSPACE_CONTEXT_URL: https://github.com/jeffryan-POL/solidity_starter
2024-07-07 14:05:31.597 [info] GITPOD_INSTANCE_ID: b5e85d63-c31d-4368-9e1b-dfcb22821056
2024-07-07 14:05:31.597 [info] GITPOD_WORKSPACE_URL: https://jeffryanpol-soliditysta-6fgnboewdv4.ws-us115.gitpod.io
2024-07-07 14:05:31.603 [info] Gitpod Web 7ff72a2
2024-07-07 14:05:31.603 [info] Reading sessions from keychain...
2024-07-07 14:05:31.781 [info] Getting sessions for all scopes...
2024-07-07 14:05:31.781 [info] Getting GitHub sessions for all scopes...
2024-07-07 14:05:31.781 [info] Getting sessions for function:accessCodeSyncStorage...
2024-07-07 14:05:31.781 [info] Got stored sessions!
2024-07-07 14:05:31.781 [info] Verified session with the following scopes: function:accessCodeSyncStorage function:closePort function:controlAdmission function:deleteEnvVar function:generateNewGitpodToken function:getDefaultWorkspaceImage function:getEnvVars function:getGitpodTokenScopes function:getIDToken function:getLoggedInUser function:getOpenPorts function:getSupportedWorkspaceClasses function:getTeams function:getToken function:getWorkspace function:getWorkspaceEnvVars function:getWorkspaceOwner function:getWorkspaceTimeout function:getWorkspaceUsers function:guessGitTokenScopes function:isWorkspaceOwner function:openPort function:sendHeartBeat function:setEnvVar function:setWorkspaceTimeout function:stopWorkspace function:takeSnapshot function:trackEvent function:updateGitStatus function:waitForSnapshot resource:contentBlob::*::create/get resource:envVar::jeffryan-POL/solidity_starter::create/get/update/delete resource:gitpodToken::*::create resource:snapshot::ws-jeffryanpol-soliditysta-6fgnboewdv4::create resource:token::*::get resource:userStorage::*::create/get/update resource:workspace::jeffryanpol-soliditysta-6fgnboewdv4::get/update resource:workspaceInstance::b5e85d63-c31d-4368-9e1b-dfcb22821056::get/update/delete
2024-07-07 14:05:31.781 [info] Got 1 verified sessions.
2024-07-07 14:05:31.781 [info] Got 1 sessions for all scopes...
2024-07-07 14:05:31.781 [info] Got 1 sessions for function:accessCodeSyncStorage...
2024-07-07 14:05:31.867 [info] Got 1 GitHub sessions for all scopes...
2024-07-07 14:05:32.030 [info] Getting sessions for all scopes...
2024-07-07 14:05:32.030 [info] Got 1 sessions for all scopes...
2024-07-07 14:05:32.057 [info] Getting GitHub sessions for all scopes...
2024-07-07 14:05:32.057 [info] Got 1 GitHub sessions for all scopes...
2024-07-07 14:05:32.464 [info] Getting GitHub sessions for read:user,repo,user:email,workflow...
2024-07-07 14:05:32.464 [info] Got 0 GitHub sessions for read:user,repo,user:email,workflow...
2024-07-07 14:05:33.099 [info] Getting GitHub sessions for project,read:org,read:user,repo,user:email,workflow...
2024-07-07 14:05:33.099 [info] Got 0 GitHub sessions for project,read:org,read:user,repo,user:email,workflow...
2024-07-07 14:05:33.709 [info] Getting GitHub sessions for read:user,repo,user:email,workflow...
2024-07-07 14:05:33.709 [info] Got 0 GitHub sessions for read:user,repo,user:email,workflow...
2024-07-07 14:05:34.199 [info] Getting GitHub sessions for read:user,repo,user:email...
2024-07-07 14:05:34.199 [info] Got 0 GitHub sessions for read:user,repo,user:email...
2024-07-07 14:05:34.688 [info] Getting GitHub sessions for read:user,repo,user:email,workflow...
2024-07-07 14:05:34.688 [info] Got 0 GitHub sessions for read:user,repo,user:email,workflow...
2024-07-07 14:17:37.340 [info] Getting GitHub sessions for read:user,repo,user:email,workflow...
2024-07-07 14:17:37.340 [info] Getting GitHub sessions for project,read:org,read:user,repo,user:email,workflow...
2024-07-07 14:17:37.340 [info] Got 0 GitHub sessions for read:user,repo,user:email,workflow...
2024-07-07 14:17:37.340 [info] Got 0 GitHub sessions for project,read:org,read:user,repo,user:email,workflow...
2024-07-07 14:17:37.829 [info] Getting GitHub sessions for read:user,repo,user:email,workflow...
2024-07-07 14:17:37.829 [info] Got 0 GitHub sessions for read:user,repo,user:email,workflow...
2024-07-07 14:17:38.316 [info] Getting GitHub sessions for read:user,repo,user:email...
2024-07-07 14:17:38.316 [info] Got 0 GitHub sessions for read:user,repo,user:email...
2024-07-07 14:17:38.803 [info] Getting GitHub sessions for read:user,repo,user:email,workflow...
2024-07-07 14:17:38.804 [info] Got 0 GitHub sessions for read:user,repo,user:email,workflow...
2024-07-07 14:26:08.373 [info] Getting GitHub sessions for all scopes...
2024-07-07 14:26:08.373 [info] Got 1 GitHub sessions for all scopes...
2024-07-07 14:26:08.697 [info] Getting GitHub sessions for read:user,repo,user:email,workflow...
2024-07-07 14:26:08.697 [info] Getting GitHub sessions for project,read:org,read:user,repo,user:email,workflow...
2024-07-07 14:26:08.697 [info] Got 1 GitHub sessions for read:user,repo,user:email,workflow...
2024-07-07 14:26:08.697 [info] Got 0 GitHub sessions for project,read:org,read:user,repo,user:email,workflow...
2024-07-07 14:26:09.202 [info] Getting GitHub sessions for read:user,repo,user:email,workflow...
2024-07-07 14:26:09.202 [info] Got 1 GitHub sessions for read:user,repo,user:email,workflow...
2024-07-07 14:26:09.365 [info] Getting GitHub sessions for read:user,repo,user:email,workflow...
2024-07-07 14:26:09.365 [info] Got 1 GitHub sessions for read:user,repo,user:email,workflow...
2024-07-07 14:26:14.298 [info] Getting GitHub sessions for all scopes...
2024-07-07 14:26:14.298 [info] Got 1 GitHub sessions for all scopes...
2024-07-07 14:26:14.621 [info] Getting GitHub sessions for read:user,repo,user:email,workflow...
2024-07-07 14:26:14.621 [info] Getting GitHub sessions for project,read:org,read:user,repo,user:email,workflow...
2024-07-07 14:26:14.621 [info] Got 1 GitHub sessions for read:user,repo,user:email,workflow...
2024-07-07 14:26:14.621 [info] Got 0 GitHub sessions for project,read:org,read:user,repo,user:email,workflow...
2024-07-07 14:26:15.110 [info] Getting GitHub sessions for read:user,repo,user:email,workflow...
2024-07-07 14:26:15.110 [info] Got 1 GitHub sessions for read:user,repo,user:email,workflow...
2024-07-07 14:26:15.273 [info] Getting GitHub sessions for read:user,repo,user:email,workflow...
2024-07-07 14:26:15.273 [info] Got 1 GitHub sessions for read:user,repo,user:email,workflow...
