2024-07-07 13:44:46.426 [info] Log level: Info
2024-07-07 13:44:46.426 [info] VSCODE_MACHINE_ID: 31f57441-9bae-4667-876f-b8f6e7eb7678
2024-07-07 13:44:46.426 [info] VSCODE_SESSION_ID: 628a6eb4-317a-4a47-a84d-cc0c33db3c961720359858982
2024-07-07 13:44:46.426 [info] VSCODE_VERSION: 1.90.2
2024-07-07 13:44:46.426 [info] VSCODE_APP_NAME: Gitpod Code
2024-07-07 13:44:46.426 [info] VSCODE_APP_HOST: Gitpod
2024-07-07 13:44:46.426 [info] VSCODE_UI_KIND: web
2024-07-07 13:44:46.426 [info] GITPOD_WORKSPACE_CONTEXT_URL: https://github.com/jeffryan-POL/solidity_starter
2024-07-07 13:44:46.426 [info] GITPOD_INSTANCE_ID: 08aa590e-9e60-4ebb-9c39-e9be6c84b2db
2024-07-07 13:44:46.426 [info] GITPOD_WORKSPACE_URL: https://jeffryanpol-soliditysta-6fgnboewdv4.ws-us115.gitpod.io
2024-07-07 13:44:46.426 [info] Gitpod Web 7ff72a2
2024-07-07 13:44:46.426 [info] Reading sessions from keychain...
2024-07-07 13:44:46.601 [info] Getting sessions for all scopes...
2024-07-07 13:44:46.601 [info] Getting GitHub sessions for all scopes...
2024-07-07 13:44:46.601 [info] Got stored sessions!
2024-07-07 13:44:46.601 [info] Verified session with the following scopes: function:accessCodeSyncStorage function:closePort function:controlAdmission function:deleteEnvVar function:generateNewGitpodToken function:getDefaultWorkspaceImage function:getEnvVars function:getGitpodTokenScopes function:getIDToken function:getLoggedInUser function:getOpenPorts function:getSupportedWorkspaceClasses function:getTeams function:getToken function:getWorkspace function:getWorkspaceEnvVars function:getWorkspaceOwner function:getWorkspaceTimeout function:getWorkspaceUsers function:guessGitTokenScopes function:isWorkspaceOwner function:openPort function:sendHeartBeat function:setEnvVar function:setWorkspaceTimeout function:stopWorkspace function:takeSnapshot function:trackEvent function:updateGitStatus function:waitForSnapshot resource:contentBlob::*::create/get resource:envVar::jeffryan-POL/solidity_starter::create/get/update/delete resource:gitpodToken::*::create resource:snapshot::ws-jeffryanpol-soliditysta-6fgnboewdv4::create resource:token::*::get resource:userStorage::*::create/get/update resource:workspace::jeffryanpol-soliditysta-6fgnboewdv4::get/update resource:workspaceInstance::08aa590e-9e60-4ebb-9c39-e9be6c84b2db::get/update/delete
2024-07-07 13:44:46.603 [info] Got 1 verified sessions.
2024-07-07 13:44:46.603 [info] Got 1 sessions for all scopes...
2024-07-07 13:44:46.703 [info] Got 1 GitHub sessions for all scopes...
2024-07-07 13:44:46.863 [info] Getting sessions for all scopes...
2024-07-07 13:44:46.864 [info] Got 1 sessions for all scopes...
2024-07-07 13:44:46.875 [info] Getting GitHub sessions for all scopes...
2024-07-07 13:44:46.875 [info] Got 1 GitHub sessions for all scopes...
2024-07-07 13:44:46.941 [info] Getting GitHub sessions for read:user,repo,user:email,workflow...
2024-07-07 13:44:46.941 [info] Got 0 GitHub sessions for read:user,repo,user:email,workflow...
2024-07-07 13:44:47.344 [info] Getting GitHub sessions for project,read:org,read:user,repo,user:email,workflow...
2024-07-07 13:44:47.344 [info] Got 0 GitHub sessions for project,read:org,read:user,repo,user:email,workflow...
2024-07-07 13:44:47.845 [info] Getting GitHub sessions for read:user,repo,user:email,workflow...
2024-07-07 13:44:47.845 [info] Got 0 GitHub sessions for read:user,repo,user:email,workflow...
2024-07-07 13:44:48.324 [info] Getting GitHub sessions for read:user,repo,user:email...
2024-07-07 13:44:48.324 [info] Got 0 GitHub sessions for read:user,repo,user:email...
2024-07-07 13:44:48.803 [info] Getting GitHub sessions for read:user,repo,user:email,workflow...
2024-07-07 13:44:48.803 [info] Got 0 GitHub sessions for read:user,repo,user:email,workflow...
2024-07-07 13:45:10.812 [info] Getting sessions for function:accessCodeSyncStorage...
2024-07-07 13:45:10.812 [info] Got 1 sessions for function:accessCodeSyncStorage...
