2024-07-07 13:44:46.578 [info] Log level: Info
2024-07-07 13:44:46.578 [info] Validating found git in: "git"
2024-07-07 13:44:46.578 [info] Using git "2.45.2" from "git"
2024-07-07 13:44:46.578 [info] > git rev-parse --show-toplevel [48ms]
2024-07-07 13:44:46.578 [info] > git rev-parse --git-dir --git-common-dir [3ms]
2024-07-07 13:44:46.578 [info] Open repository: /workspace/solidity_starter
2024-07-07 13:44:46.578 [info] > git rev-parse --show-toplevel [53ms]
2024-07-07 13:44:46.578 [info] > git config --get commit.template [57ms]
2024-07-07 13:44:46.578 [info] > git rev-parse --show-toplevel [6ms]
2024-07-07 13:44:46.578 [info] > git for-each-ref --format=%(refname)%00%(upstream:short)%00%(objectname)%00%(upstream:track)%00%(upstream:remotename)%00%(upstream:remoteref) refs/heads/main refs/remotes/main [7ms]
2024-07-07 13:44:46.578 [warning] ENOENT: no such file or directory, open '/workspace/solidity_starter/.git/refs/remotes/origin/main'
2024-07-07 13:44:46.578 [info] > git rev-parse --show-toplevel [9ms]
2024-07-07 13:44:46.578 [info] > git rev-parse refs/remotes/origin/main [9ms]
2024-07-07 13:44:46.578 [info] > git status -z -uall [4ms]
2024-07-07 13:44:46.578 [info] > git rev-parse --show-toplevel [10ms]
2024-07-07 13:44:46.578 [info] > git merge-base refs/heads/main refs/remotes/origin/main [10ms]
2024-07-07 13:44:46.578 [info] > git config --get commit.template [6ms]
2024-07-07 13:44:46.578 [info] > git rev-list --count --left-right refs/heads/main...refs/remotes/origin/main [7ms]
2024-07-07 13:44:46.578 [info] > git for-each-ref --format=%(refname)%00%(upstream:short)%00%(objectname)%00%(upstream:track)%00%(upstream:remotename)%00%(upstream:remoteref) refs/heads/main refs/remotes/main [5ms]
2024-07-07 13:44:46.581 [warning] ENOENT: no such file or directory, open '/workspace/solidity_starter/.git/refs/remotes/origin/main'
2024-07-07 13:44:46.582 [info] > git diff --name-status -z --diff-filter=ADMR 95cbab214115772e3c855a76dc53fcaf6ca15eba...refs/remotes/origin/main [6ms]
2024-07-07 13:44:46.583 [info] > git rev-parse refs/remotes/origin/main [2ms]
2024-07-07 13:44:46.589 [info] > git status -z -uall [2ms]
2024-07-07 13:44:47.106 [info] > git check-ignore -v -z --stdin [2ms]
2024-07-07 13:44:49.148 [info] > git config --local branch.main.github-pr-owner-number [2ms]
2024-07-07 13:44:49.148 [warning] git config failed: Failed to execute git
2024-07-07 13:45:38.668 [info] > git check-ignore -v -z --stdin [3ms]
2024-07-07 13:45:39.353 [info] > git show --textconv :test/.gitkeep [6ms]
2024-07-07 13:45:39.355 [info] > git ls-files --stage -- /workspace/solidity_starter/test/.gitkeep [2ms]
2024-07-07 13:45:39.363 [info] > git cat-file -s e69de29bb2d1d6434b8b29ae775ad8c2e48c5391 [2ms]
2024-07-07 13:45:40.432 [info] > git show --textconv :README.md [7ms]
2024-07-07 13:45:40.433 [info] > git ls-files --stage -- /workspace/solidity_starter/README.md [2ms]
2024-07-07 13:45:40.441 [info] > git cat-file -s 4bd17328a6be623ffe4890cdbe799c0e8d2dedff [2ms]
2024-07-07 13:46:09.709 [info] > git check-ignore -v -z --stdin [2ms]
2024-07-07 13:46:11.515 [info] > git check-ignore -v -z --stdin [2ms]
2024-07-07 13:46:31.403 [info] > git check-ignore -v -z --stdin [2ms]
2024-07-07 13:46:31.510 [info] > git show --textconv :migrations/2_deploy_contracts.js [6ms]
2024-07-07 13:46:31.512 [info] > git ls-files --stage -- /workspace/solidity_starter/migrations/2_deploy_contracts.js [3ms]
2024-07-07 13:46:31.816 [info] > git config --get commit.template [8ms]
2024-07-07 13:46:31.817 [info] > git for-each-ref --format=%(refname)%00%(upstream:short)%00%(objectname)%00%(upstream:track)%00%(upstream:remotename)%00%(upstream:remoteref) refs/heads/main refs/remotes/main [3ms]
2024-07-07 13:46:31.823 [warning] ENOENT: no such file or directory, open '/workspace/solidity_starter/.git/refs/remotes/origin/main'
2024-07-07 13:46:31.902 [info] > git rev-parse refs/remotes/origin/main [79ms]
2024-07-07 13:46:31.912 [info] > git status -z -uall [3ms]
2024-07-07 13:46:38.346 [info] > git config --get commit.template [6ms]
2024-07-07 13:46:38.347 [info] > git for-each-ref --format=%(refname)%00%(upstream:short)%00%(objectname)%00%(upstream:track)%00%(upstream:remotename)%00%(upstream:remoteref) refs/heads/main refs/remotes/main [2ms]
2024-07-07 13:46:38.352 [warning] ENOENT: no such file or directory, open '/workspace/solidity_starter/.git/refs/remotes/origin/main'
2024-07-07 13:46:38.353 [info] > git rev-parse refs/remotes/origin/main [1ms]
2024-07-07 13:46:38.361 [info] > git status -z -uall [2ms]
2024-07-07 13:46:48.738 [info] > git config --get commit.template [6ms]
2024-07-07 13:46:48.740 [info] > git for-each-ref --format=%(refname)%00%(upstream:short)%00%(objectname)%00%(upstream:track)%00%(upstream:remotename)%00%(upstream:remoteref) refs/heads/main refs/remotes/main [3ms]
2024-07-07 13:46:48.744 [warning] ENOENT: no such file or directory, open '/workspace/solidity_starter/.git/refs/remotes/origin/main'
2024-07-07 13:46:48.746 [info] > git rev-parse refs/remotes/origin/main [2ms]
2024-07-07 13:46:48.753 [info] > git status -z -uall [2ms]
2024-07-07 13:47:10.414 [info] > git check-ignore -v -z --stdin [2ms]
2024-07-07 13:47:10.464 [info] > git show --textconv :contracts/SmartContract.sol [7ms]
2024-07-07 13:47:10.465 [info] > git ls-files --stage -- /workspace/solidity_starter/contracts/SmartContract.sol [1ms]
2024-07-07 13:47:10.862 [info] > git config --get commit.template [7ms]
2024-07-07 13:47:10.863 [info] > git for-each-ref --format=%(refname)%00%(upstream:short)%00%(objectname)%00%(upstream:track)%00%(upstream:remotename)%00%(upstream:remoteref) refs/heads/main refs/remotes/main [2ms]
2024-07-07 13:47:10.868 [warning] ENOENT: no such file or directory, open '/workspace/solidity_starter/.git/refs/remotes/origin/main'
2024-07-07 13:47:10.870 [info] > git rev-parse refs/remotes/origin/main [2ms]
2024-07-07 13:47:10.878 [info] > git status -z -uall [3ms]
2024-07-07 13:47:16.706 [info] > git config --get commit.template [7ms]
2024-07-07 13:47:16.707 [info] > git for-each-ref --format=%(refname)%00%(upstream:short)%00%(objectname)%00%(upstream:track)%00%(upstream:remotename)%00%(upstream:remoteref) refs/heads/main refs/remotes/main [2ms]
2024-07-07 13:47:16.712 [warning] ENOENT: no such file or directory, open '/workspace/solidity_starter/.git/refs/remotes/origin/main'
2024-07-07 13:47:16.714 [info] > git rev-parse refs/remotes/origin/main [2ms]
2024-07-07 13:47:16.721 [info] > git status -z -uall [3ms]
2024-07-07 13:47:21.734 [info] > git config --get commit.template [5ms]
2024-07-07 13:47:21.736 [info] > git for-each-ref --format=%(refname)%00%(upstream:short)%00%(objectname)%00%(upstream:track)%00%(upstream:remotename)%00%(upstream:remoteref) refs/heads/main refs/remotes/main [2ms]
2024-07-07 13:47:21.741 [warning] ENOENT: no such file or directory, open '/workspace/solidity_starter/.git/refs/remotes/origin/main'
2024-07-07 13:47:21.742 [info] > git rev-parse refs/remotes/origin/main [2ms]
2024-07-07 13:47:21.749 [info] > git status -z -uall [3ms]
2024-07-07 13:49:24.925 [info] > git show --textconv :contracts/HelloWorld.sol [5ms]
2024-07-07 13:49:24.927 [info] > git ls-files --stage -- /workspace/solidity_starter/contracts/HelloWorld.sol [2ms]
2024-07-07 13:49:24.934 [info] > git cat-file -s 7e5e637aee2894adab4778d564f9fdf3ae3c0777 [2ms]
2024-07-07 13:49:48.981 [info] > git config --local branch.main.github-pr-owner-number [2ms]
2024-07-07 13:49:48.981 [warning] git config failed: Failed to execute git
2024-07-07 13:51:02.379 [info] > git show --textconv :README.md [5ms]
2024-07-07 13:51:02.380 [info] > git ls-files --stage -- /workspace/solidity_starter/README.md [2ms]
2024-07-07 13:51:02.386 [info] > git cat-file -s 4bd17328a6be623ffe4890cdbe799c0e8d2dedff [2ms]
